[debug] [2025-06-10T06:44:48.307Z] ----------------------------------------------------------------------
[debug] [2025-06-10T06:44:48.311Z] Command:       C:\Program Files\nodejs\node.exe C:\Users\garvi\AppData\Roaming\npm\node_modules\firebase-tools\lib\bin\firebase.js init
[debug] [2025-06-10T06:44:48.311Z] CLI Version:   14.6.0
[debug] [2025-06-10T06:44:48.312Z] Platform:      win32
[debug] [2025-06-10T06:44:48.312Z] Node Version:  v22.16.0
[debug] [2025-06-10T06:44:48.312Z] Time:          Tue Jun 10 2025 12:14:48 GMT+0530 (India Standard Time)
[debug] [2025-06-10T06:44:48.312Z] ----------------------------------------------------------------------
[debug] 
[debug] [2025-06-10T06:44:48.315Z] >>> [apiv2][query] GET https://firebase-public.firebaseio.com/cli.json [none]
[debug] [2025-06-10T06:44:48.368Z] > command requires scopes: ["email","openid","https://www.googleapis.com/auth/cloudplatformprojects.readonly","https://www.googleapis.com/auth/firebase","https://www.googleapis.com/auth/cloud-platform"]
[debug] [2025-06-10T06:44:48.368Z] > authorizing via signed-in user (garvit2garvit@gmail.com)
[info] 
     ######## #### ########  ######## ########     ###     ######  ########
     ##        ##  ##     ## ##       ##     ##  ##   ##  ##       ##
     ######    ##  ########  ######   ########  #########  ######  ######
     ##        ##  ##    ##  ##       ##     ## ##     ##       ## ##
     ##       #### ##     ## ######## ########  ##     ##  ######  ########

You're about to initialize a Firebase project in this directory:

  C:\My Stuff\Filesss\Tailwind\to-do-list

Before we get started, keep in mind:

  * You are currently outside your home directory

[debug] [2025-06-10T06:44:49.058Z] <<< [apiv2][status] GET https://firebase-public.firebaseio.com/cli.json 200
[debug] [2025-06-10T06:44:49.058Z] <<< [apiv2][body] GET https://firebase-public.firebaseio.com/cli.json {"cloudBuildErrorAfter":1594252800000,"cloudBuildWarnAfter":1590019200000,"defaultNode10After":1594252800000,"minVersion":"3.0.5","node8DeploysDisabledAfter":1613390400000,"node8RuntimeDisabledAfter":1615809600000,"node8WarnAfter":1600128000000}
[debug] [2025-06-10T06:45:26.336Z] ExitPromptError: User force closed the prompt with SIGINT
    at Interface.sigint (C:\Users\garvi\AppData\Roaming\npm\node_modules\firebase-tools\node_modules\@inquirer\core\dist\commonjs\lib\create-prompt.js:101:37)
    at Interface.emit (node:events:518:28)
    at Interface.emit (node:domain:489:12)
    at [_ttyWrite] [as _ttyWrite] (node:internal/readline/interface:1128:18)
    at ReadStream.onkeypress (node:internal/readline/interface:267:20)
    at ReadStream.emit (node:events:530:35)
    at ReadStream.emit (node:domain:489:12)
    at emitKeys (node:internal/readline/utils:370:14)
    at emitKeys.next (<anonymous>)
    at ReadStream.onData (node:internal/readline/emitKeypressEvents:64:36)
[error] 
[error] Error: An unexpected error has occurred.
[debug] [2025-06-10T06:45:30.441Z] ----------------------------------------------------------------------
[debug] [2025-06-10T06:45:30.445Z] Command:       C:\Program Files\nodejs\node.exe C:\Users\garvi\AppData\Roaming\npm\node_modules\firebase-tools\lib\bin\firebase.js init
[debug] [2025-06-10T06:45:30.446Z] CLI Version:   14.6.0
[debug] [2025-06-10T06:45:30.446Z] Platform:      win32
[debug] [2025-06-10T06:45:30.446Z] Node Version:  v22.16.0
[debug] [2025-06-10T06:45:30.446Z] Time:          Tue Jun 10 2025 12:15:30 GMT+0530 (India Standard Time)
[debug] [2025-06-10T06:45:30.447Z] ----------------------------------------------------------------------
[debug] 
[debug] [2025-06-10T06:45:30.454Z] > command requires scopes: ["email","openid","https://www.googleapis.com/auth/cloudplatformprojects.readonly","https://www.googleapis.com/auth/firebase","https://www.googleapis.com/auth/cloud-platform"]
[debug] [2025-06-10T06:45:30.455Z] > authorizing via signed-in user (garvit2garvit@gmail.com)
[info] 
     ######## #### ########  ######## ########     ###     ######  ########
     ##        ##  ##     ## ##       ##     ##  ##   ##  ##       ##
     ######    ##  ########  ######   ########  #########  ######  ######
     ##        ##  ##    ##  ##       ##     ## ##     ##       ## ##
     ##       #### ##     ## ######## ########  ##     ##  ######  ########

You're about to initialize a Firebase project in this directory:

  C:\My Stuff\Filesss\Tailwind\to-do-list

Before we get started, keep in mind:

  * You are currently outside your home directory

[debug] [2025-06-10T06:46:29.631Z] ExitPromptError: User force closed the prompt with SIGINT
    at Interface.sigint (C:\Users\garvi\AppData\Roaming\npm\node_modules\firebase-tools\node_modules\@inquirer\core\dist\commonjs\lib\create-prompt.js:101:37)
    at Interface.emit (node:events:518:28)
    at Interface.emit (node:domain:489:12)
    at [_ttyWrite] [as _ttyWrite] (node:internal/readline/interface:1128:18)
    at ReadStream.onkeypress (node:internal/readline/interface:267:20)
    at ReadStream.emit (node:events:530:35)
    at ReadStream.emit (node:domain:489:12)
    at emitKeys (node:internal/readline/utils:370:14)
    at emitKeys.next (<anonymous>)
    at ReadStream.onData (node:internal/readline/emitKeypressEvents:64:36)
[error] 
[error] Error: An unexpected error has occurred.
